[debug] [2021-11-13T12:53:44.806Z] ----------------------------------------------------------------------
[debug] [2021-11-13T12:53:44.812Z] Command:       /usr/bin/node /usr/bin/firebase init
[debug] [2021-11-13T12:53:44.813Z] CLI Version:   9.20.0
[debug] [2021-11-13T12:53:44.814Z] Platform:      linux
[debug] [2021-11-13T12:53:44.814Z] Node Version:  v14.18.1
[debug] [2021-11-13T12:53:44.845Z] Time:          Sat Nov 13 2021 18:53:44 GMT+0600 (Bangladesh Standard Time)
[debug] [2021-11-13T12:53:44.846Z] ----------------------------------------------------------------------
[debug] 
[debug] [2021-11-13T12:53:44.860Z] >>> [apiv2][query] GET https://firebase-public.firebaseio.com/cli.json [none]
[debug] [2021-11-13T12:53:44.954Z] > command requires scopes: ["email","openid","https://www.googleapis.com/auth/cloudplatformprojects.readonly","https://www.googleapis.com/auth/firebase","https://www.googleapis.com/auth/cloud-platform"]
[debug] [2021-11-13T12:53:44.955Z] > authorizing via signed-in user (enayet4419@gmail.com)
[info] 
     ######## #### ########  ######## ########     ###     ######  ########
     ##        ##  ##     ## ##       ##     ##  ##   ##  ##       ##
     ######    ##  ########  ######   ########  #########  ######  ######
     ##        ##  ##    ##  ##       ##     ## ##     ##       ## ##
     ##       #### ##     ## ######## ########  ##     ##  ######  ########

You're about to initialize a Firebase project in this directory:

  /media/enayetmorshedhaque/Works/programming_hero/assignments/radiance-security-camera

Before we get started, keep in mind:

  * You are currently outside your home directory

[debug] [2021-11-13T12:53:46.256Z] <<< [apiv2][status] GET https://firebase-public.firebaseio.com/cli.json 200
[debug] [2021-11-13T12:53:46.257Z] <<< [apiv2][body] GET https://firebase-public.firebaseio.com/cli.json {"cloudBuildErrorAfter":1594252800000,"cloudBuildWarnAfter":1590019200000,"defaultNode10After":1594252800000,"minVersion":"3.0.5","node8DeploysDisabledAfter":1613390400000,"node8RuntimeDisabledAfter":1615809600000,"node8WarnAfter":1600128000000}
